#-----------------------------------------------------------
# Vivado v2016.2 (64-bit)
# SW Build 1577090 on Thu Jun  2 16:32:40 MDT 2016
# IP Build 1577682 on Fri Jun  3 12:00:54 MDT 2016
# Start of session at: Tue Oct 25 21:05:38 2016
# Process ID: 10480
# Current directory: C:/Users/Matt/Documents/GitHub/Turing_Test_Midterm_Project_EECS_31L/project_1
# Command line: vivado.exe -gui_launcher_event rodinguilauncherevent14288 C:\Users\Matt\Documents\GitHub\Turing_Test_Midterm_Project_EECS_31L\project_1\project_1.xpr
# Log file: C:/Users/Matt/Documents/GitHub/Turing_Test_Midterm_Project_EECS_31L/project_1/vivado.log
# Journal file: C:/Users/Matt/Documents/GitHub/Turing_Test_Midterm_Project_EECS_31L/project_1\vivado.jou
#-----------------------------------------------------------
start_gui
open_project C:/Users/Matt/Documents/GitHub/Turing_Test_Midterm_Project_EECS_31L/project_1/project_1.xpr
Scanning sources...
Finished scanning sources
INFO: [IP_Flow 19-234] Refreshing IP repositories
INFO: [IP_Flow 19-1704] No user IP repositories specified
INFO: [IP_Flow 19-2313] Loaded Vivado IP repository 'C:/Xilinx/Vivado/2016.2/data/ip'.
open_project: Time (s): cpu = 00:00:16 ; elapsed = 00:00:08 . Memory (MB): peak = 755.195 ; gain = 136.164
update_compile_order -fileset sources_1
update_compile_order -fileset sources_1
update_compile_order -fileset sim_1
exit
INFO: [Common 17-206] Exiting Vivado at Tue Oct 25 21:30:12 2016...
